app/build/intermediates/manifest_merge_blame_file/debug/manifest-merger-blame-debug-report.txt
1<?xml version="1.0" encoding="utf-8"?>
2<manifest xmlns:android="http://schemas.android.com/apk/res/android"
3    package="com.droid.netfilxclone"
4    android:versionCode="1"
5    android:versionName="1.0" >
6
7    <uses-sdk
8        android:minSdkVersion="24"
9        android:targetSdkVersion="34" />
10
11    <uses-permission android:name="android.permission.INTERNET" />
11-->src\main\AndroidManifest.xml:4:1-62
11-->src\main\AndroidManifest.xml:4:18-60
12    <uses-permission android:name="android.permission.ACCESS_NETWORK_STATE" />
12-->[com.google.firebase:firebase-messaging:23.4.1] AndroidManifest.xml:22:5-79
12-->[com.google.firebase:firebase-messaging:23.4.1] AndroidManifest.xml:22:22-76
13    <uses-permission android:name="android.permission.POST_NOTIFICATIONS" />
13-->[com.google.firebase:firebase-messaging:23.4.1] AndroidManifest.xml:23:5-77
13-->[com.google.firebase:firebase-messaging:23.4.1] AndroidManifest.xml:23:22-74
14    <uses-permission android:name="android.permission.WAKE_LOCK" /> <!-- Required by older versions of Google Play services to create IID tokens -->
14-->[com.google.firebase:firebase-messaging:23.4.1] AndroidManifest.xml:24:5-68
14-->[com.google.firebase:firebase-messaging:23.4.1] AndroidManifest.xml:24:22-65
15    <uses-permission android:name="com.google.android.c2dm.permission.RECEIVE" />
15-->[com.google.firebase:firebase-messaging:23.4.1] AndroidManifest.xml:26:5-82
15-->[com.google.firebase:firebase-messaging:23.4.1] AndroidManifest.xml:26:22-79
16
17    <queries>
17-->[com.razorpay:checkout:1.6.20] AndroidManifest.xml:11:5-37:15
18        <intent>
18-->[com.razorpay:checkout:1.6.20] AndroidManifest.xml:12:9-18:18
19            <action android:name="android.intent.action.VIEW" />
19-->[com.razorpay:checkout:1.6.20] AndroidManifest.xml:13:13-65
19-->[com.razorpay:checkout:1.6.20] AndroidManifest.xml:13:21-62
20
21            <data
21-->[com.razorpay:checkout:1.6.20] AndroidManifest.xml:15:13-17:38
22                android:mimeType="*/*"
22-->[com.razorpay:checkout:1.6.20] AndroidManifest.xml:16:17-39
23                android:scheme="*" />
23-->[com.razorpay:checkout:1.6.20] AndroidManifest.xml:17:17-35
24        </intent>
25        <intent>
25-->[com.razorpay:checkout:1.6.20] AndroidManifest.xml:19:9-28:18
26            <action android:name="android.intent.action.VIEW" />
26-->[com.razorpay:checkout:1.6.20] AndroidManifest.xml:13:13-65
26-->[com.razorpay:checkout:1.6.20] AndroidManifest.xml:13:21-62
27
28            <category android:name="android.intent.category.BROWSABLE" />
28-->[com.razorpay:checkout:1.6.20] AndroidManifest.xml:22:13-74
28-->[com.razorpay:checkout:1.6.20] AndroidManifest.xml:22:23-71
29
30            <data
30-->[com.razorpay:checkout:1.6.20] AndroidManifest.xml:15:13-17:38
31                android:host="pay"
32                android:mimeType="*/*"
32-->[com.razorpay:checkout:1.6.20] AndroidManifest.xml:16:17-39
33                android:scheme="upi" />
33-->[com.razorpay:checkout:1.6.20] AndroidManifest.xml:17:17-35
34        </intent>
35        <intent>
35-->[com.razorpay:checkout:1.6.20] AndroidManifest.xml:29:9-31:18
36            <action android:name="android.intent.action.MAIN" />
36-->src\main\AndroidManifest.xml:33:17-69
36-->src\main\AndroidManifest.xml:33:25-66
37        </intent>
38        <intent>
38-->[com.razorpay:checkout:1.6.20] AndroidManifest.xml:32:9-36:18
39            <action android:name="android.intent.action.SEND" />
39-->[com.razorpay:checkout:1.6.20] AndroidManifest.xml:33:13-65
39-->[com.razorpay:checkout:1.6.20] AndroidManifest.xml:33:21-62
40
41            <data android:mimeType="*/*" />
41-->[com.razorpay:checkout:1.6.20] AndroidManifest.xml:15:13-17:38
41-->[com.razorpay:checkout:1.6.20] AndroidManifest.xml:16:17-39
42        </intent>
43    </queries>
44
45    <uses-feature
45-->[com.google.android.gms:play-services-maps:17.0.0] AndroidManifest.xml:26:5-28:35
46        android:glEsVersion="0x00020000"
46-->[com.google.android.gms:play-services-maps:17.0.0] AndroidManifest.xml:27:9-41
47        android:required="true" />
47-->[com.google.android.gms:play-services-maps:17.0.0] AndroidManifest.xml:28:9-32
48
49    <permission
49-->[androidx.core:core:1.13.0] AndroidManifest.xml:22:5-24:47
50        android:name="com.droid.netfilxclone.DYNAMIC_RECEIVER_NOT_EXPORTED_PERMISSION"
50-->[androidx.core:core:1.13.0] AndroidManifest.xml:23:9-81
51        android:protectionLevel="signature" />
51-->[androidx.core:core:1.13.0] AndroidManifest.xml:24:9-44
52
53    <uses-permission android:name="com.droid.netfilxclone.DYNAMIC_RECEIVER_NOT_EXPORTED_PERMISSION" />
53-->[androidx.core:core:1.13.0] AndroidManifest.xml:26:5-97
53-->[androidx.core:core:1.13.0] AndroidManifest.xml:26:22-94
54
55    <application
55-->src\main\AndroidManifest.xml:5:5-38:19
56        android:name="com.droid.netfilxclone.MyApp"
56-->src\main\AndroidManifest.xml:6:9-52
57        android:allowBackup="true"
57-->src\main\AndroidManifest.xml:7:9-35
58        android:appComponentFactory="androidx.core.app.CoreComponentFactory"
58-->[androidx.core:core:1.13.0] AndroidManifest.xml:28:18-86
59        android:dataExtractionRules="@xml/data_extraction_rules"
59-->src\main\AndroidManifest.xml:8:9-65
60        android:debuggable="true"
61        android:extractNativeLibs="false"
62        android:fullBackupContent="@xml/backup_rules"
62-->src\main\AndroidManifest.xml:9:9-54
63        android:icon="@drawable/app_icon"
63-->src\main\AndroidManifest.xml:10:9-42
64        android:label="@string/app_name"
64-->src\main\AndroidManifest.xml:11:9-41
65        android:roundIcon="@drawable/app_icon"
65-->src\main\AndroidManifest.xml:12:9-47
66        android:supportsRtl="true"
66-->src\main\AndroidManifest.xml:13:9-35
67        android:theme="@style/Theme.NetfilxClone" >
67-->src\main\AndroidManifest.xml:14:9-50
68
69        <!--
70            <activity
71            android:name=".auth.AuthActivity"
72            android:exported="false"
73            android:label="@string/title_activity_auth"
74            android:theme="@style/Theme.FFDpboss" />
75        -->
76        <!--
77            <activity
78            android:name="com.droid.githubuserdetails.MainActivity"
79            android:exported="false"
80            android:label="@string/title_activity_home"
81            android:theme="@style/Theme.FFDpboss" />
82        -->
83        <activity
83-->src\main\AndroidManifest.xml:26:9-37:20
84            android:name="com.droid.netfilxclone.MainActivity"
84-->src\main\AndroidManifest.xml:27:13-63
85            android:exported="true"
85-->src\main\AndroidManifest.xml:28:13-36
86            android:label="@string/app_name"
86-->src\main\AndroidManifest.xml:30:13-45
87            android:screenOrientation="landscape"
87-->src\main\AndroidManifest.xml:29:13-50
88            android:theme="@style/Theme.NetfilxClone" >
88-->src\main\AndroidManifest.xml:31:13-54
89            <intent-filter>
89-->src\main\AndroidManifest.xml:32:13-36:29
90                <action android:name="android.intent.action.MAIN" />
90-->src\main\AndroidManifest.xml:33:17-69
90-->src\main\AndroidManifest.xml:33:25-66
91
92                <category android:name="android.intent.category.LAUNCHER" />
92-->src\main\AndroidManifest.xml:35:17-77
92-->src\main\AndroidManifest.xml:35:27-74
93            </intent-filter>
94        </activity>
95
96        <service
96-->[com.google.firebase:firebase-messaging-ktx:23.4.1] AndroidManifest.xml:23:9-29:19
97            android:name="com.google.firebase.components.ComponentDiscoveryService"
97-->[com.google.firebase:firebase-messaging-ktx:23.4.1] AndroidManifest.xml:24:13-84
98            android:directBootAware="true"
98-->[com.google.firebase:firebase-common:20.4.2] AndroidManifest.xml:32:13-43
99            android:exported="false" >
99-->[com.google.firebase:firebase-messaging-ktx:23.4.1] AndroidManifest.xml:25:13-37
100            <meta-data
100-->[com.google.firebase:firebase-messaging-ktx:23.4.1] AndroidManifest.xml:26:13-28:85
101                android:name="com.google.firebase.components:com.google.firebase.messaging.ktx.FirebaseMessagingLegacyRegistrar"
101-->[com.google.firebase:firebase-messaging-ktx:23.4.1] AndroidManifest.xml:27:17-129
102                android:value="com.google.firebase.components.ComponentRegistrar" />
102-->[com.google.firebase:firebase-messaging-ktx:23.4.1] AndroidManifest.xml:28:17-82
103            <meta-data
103-->[com.google.firebase:firebase-messaging:23.4.1] AndroidManifest.xml:57:13-59:85
104                android:name="com.google.firebase.components:com.google.firebase.messaging.FirebaseMessagingKtxRegistrar"
104-->[com.google.firebase:firebase-messaging:23.4.1] AndroidManifest.xml:58:17-122
105                android:value="com.google.firebase.components.ComponentRegistrar" />
105-->[com.google.firebase:firebase-messaging:23.4.1] AndroidManifest.xml:59:17-82
106            <meta-data
106-->[com.google.firebase:firebase-messaging:23.4.1] AndroidManifest.xml:60:13-62:85
107                android:name="com.google.firebase.components:com.google.firebase.messaging.FirebaseMessagingRegistrar"
107-->[com.google.firebase:firebase-messaging:23.4.1] AndroidManifest.xml:61:17-119
108                android:value="com.google.firebase.components.ComponentRegistrar" />
108-->[com.google.firebase:firebase-messaging:23.4.1] AndroidManifest.xml:62:17-82
109            <meta-data
109-->[com.google.firebase:firebase-installations:17.2.0] AndroidManifest.xml:15:13-17:85
110                android:name="com.google.firebase.components:com.google.firebase.installations.FirebaseInstallationsKtxRegistrar"
110-->[com.google.firebase:firebase-installations:17.2.0] AndroidManifest.xml:16:17-130
111                android:value="com.google.firebase.components.ComponentRegistrar" />
111-->[com.google.firebase:firebase-installations:17.2.0] AndroidManifest.xml:17:17-82
112            <meta-data
112-->[com.google.firebase:firebase-installations:17.2.0] AndroidManifest.xml:18:13-20:85
113                android:name="com.google.firebase.components:com.google.firebase.installations.FirebaseInstallationsRegistrar"
113-->[com.google.firebase:firebase-installations:17.2.0] AndroidManifest.xml:19:17-127
114                android:value="com.google.firebase.components.ComponentRegistrar" />
114-->[com.google.firebase:firebase-installations:17.2.0] AndroidManifest.xml:20:17-82
115            <meta-data
115-->[com.google.firebase:firebase-common-ktx:20.4.2] AndroidManifest.xml:12:13-14:85
116                android:name="com.google.firebase.components:com.google.firebase.ktx.FirebaseCommonLegacyRegistrar"
116-->[com.google.firebase:firebase-common-ktx:20.4.2] AndroidManifest.xml:13:17-116
117                android:value="com.google.firebase.components.ComponentRegistrar" />
117-->[com.google.firebase:firebase-common-ktx:20.4.2] AndroidManifest.xml:14:17-82
118            <meta-data
118-->[com.google.firebase:firebase-common:20.4.2] AndroidManifest.xml:35:13-37:85
119                android:name="com.google.firebase.components:com.google.firebase.FirebaseCommonKtxRegistrar"
119-->[com.google.firebase:firebase-common:20.4.2] AndroidManifest.xml:36:17-109
120                android:value="com.google.firebase.components.ComponentRegistrar" />
120-->[com.google.firebase:firebase-common:20.4.2] AndroidManifest.xml:37:17-82
121            <meta-data
121-->[com.google.firebase:firebase-datatransport:18.1.7] AndroidManifest.xml:27:13-29:85
122                android:name="com.google.firebase.components:com.google.firebase.datatransport.TransportRegistrar"
122-->[com.google.firebase:firebase-datatransport:18.1.7] AndroidManifest.xml:28:17-115
123                android:value="com.google.firebase.components.ComponentRegistrar" />
123-->[com.google.firebase:firebase-datatransport:18.1.7] AndroidManifest.xml:29:17-82
124        </service>
125
126        <receiver
126-->[com.google.firebase:firebase-messaging:23.4.1] AndroidManifest.xml:29:9-40:20
127            android:name="com.google.firebase.iid.FirebaseInstanceIdReceiver"
127-->[com.google.firebase:firebase-messaging:23.4.1] AndroidManifest.xml:30:13-78
128            android:exported="true"
128-->[com.google.firebase:firebase-messaging:23.4.1] AndroidManifest.xml:31:13-36
129            android:permission="com.google.android.c2dm.permission.SEND" >
129-->[com.google.firebase:firebase-messaging:23.4.1] AndroidManifest.xml:32:13-73
130            <intent-filter>
130-->[com.google.firebase:firebase-messaging:23.4.1] AndroidManifest.xml:33:13-35:29
131                <action android:name="com.google.android.c2dm.intent.RECEIVE" />
131-->[com.google.firebase:firebase-messaging:23.4.1] AndroidManifest.xml:34:17-81
131-->[com.google.firebase:firebase-messaging:23.4.1] AndroidManifest.xml:34:25-78
132            </intent-filter>
133
134            <meta-data
134-->[com.google.firebase:firebase-messaging:23.4.1] AndroidManifest.xml:37:13-39:40
135                android:name="com.google.android.gms.cloudmessaging.FINISHED_AFTER_HANDLED"
135-->[com.google.firebase:firebase-messaging:23.4.1] AndroidManifest.xml:38:17-92
136                android:value="true" />
136-->[com.google.firebase:firebase-messaging:23.4.1] AndroidManifest.xml:39:17-37
137        </receiver>
138        <!--
139             FirebaseMessagingService performs security checks at runtime,
140             but set to not exported to explicitly avoid allowing another app to call it.
141        -->
142        <service
142-->[com.google.firebase:firebase-messaging:23.4.1] AndroidManifest.xml:46:9-53:19
143            android:name="com.google.firebase.messaging.FirebaseMessagingService"
143-->[com.google.firebase:firebase-messaging:23.4.1] AndroidManifest.xml:47:13-82
144            android:directBootAware="true"
144-->[com.google.firebase:firebase-messaging:23.4.1] AndroidManifest.xml:48:13-43
145            android:exported="false" >
145-->[com.google.firebase:firebase-messaging:23.4.1] AndroidManifest.xml:49:13-37
146            <intent-filter android:priority="-500" >
146-->[com.google.firebase:firebase-messaging:23.4.1] AndroidManifest.xml:50:13-52:29
146-->[com.google.firebase:firebase-messaging:23.4.1] AndroidManifest.xml:50:28-51
147                <action android:name="com.google.firebase.MESSAGING_EVENT" />
147-->[com.google.firebase:firebase-messaging:23.4.1] AndroidManifest.xml:51:17-78
147-->[com.google.firebase:firebase-messaging:23.4.1] AndroidManifest.xml:51:25-75
148            </intent-filter>
149        </service>
150
151        <receiver
151-->[com.razorpay:checkout:1.6.20] AndroidManifest.xml:40:9-46:20
152            android:name="com.razorpay.RzpTokenReceiver"
152-->[com.razorpay:checkout:1.6.20] AndroidManifest.xml:41:13-57
153            android:exported="false" >
153-->[com.razorpay:checkout:1.6.20] AndroidManifest.xml:42:13-37
154            <intent-filter>
154-->[com.razorpay:checkout:1.6.20] AndroidManifest.xml:43:13-45:29
155                <action android:name="rzp.device_token.share" />
155-->[com.razorpay:checkout:1.6.20] AndroidManifest.xml:44:17-65
155-->[com.razorpay:checkout:1.6.20] AndroidManifest.xml:44:25-62
156            </intent-filter>
157        </receiver>
158
159        <activity
159-->[com.razorpay:checkout:1.6.20] AndroidManifest.xml:48:9-60:20
160            android:name="com.razorpay.CheckoutActivity"
160-->[com.razorpay:checkout:1.6.20] AndroidManifest.xml:49:13-57
161            android:configChanges="keyboard|keyboardHidden|orientation|screenSize"
161-->[com.razorpay:checkout:1.6.20] AndroidManifest.xml:50:13-83
162            android:exported="true"
162-->[com.razorpay:checkout:1.6.20] AndroidManifest.xml:51:13-36
163            android:theme="@style/CheckoutTheme" >
163-->[com.razorpay:checkout:1.6.20] AndroidManifest.xml:52:13-49
164            <intent-filter>
164-->[com.razorpay:checkout:1.6.20] AndroidManifest.xml:53:13-59:29
165                <action android:name="android.intent.action.MAIN" />
165-->src\main\AndroidManifest.xml:33:17-69
165-->src\main\AndroidManifest.xml:33:25-66
166
167                <data
167-->[com.razorpay:checkout:1.6.20] AndroidManifest.xml:15:13-17:38
168                    android:host="rzp.io"
169                    android:scheme="io.rzp" />
169-->[com.razorpay:checkout:1.6.20] AndroidManifest.xml:17:17-35
170            </intent-filter>
171        </activity>
172
173        <meta-data
173-->[com.razorpay:checkout:1.6.20] AndroidManifest.xml:62:9-64:58
174            android:name="com.razorpay.plugin.googlepay_all"
174-->[com.razorpay:checkout:1.6.20] AndroidManifest.xml:63:13-61
175            android:value="com.razorpay.RzpGpayMerged" />
175-->[com.razorpay:checkout:1.6.20] AndroidManifest.xml:64:13-55
176
177        <activity
177-->[com.google.android.gms:play-services-auth:21.2.0] AndroidManifest.xml:23:9-27:75
178            android:name="com.google.android.gms.auth.api.signin.internal.SignInHubActivity"
178-->[com.google.android.gms:play-services-auth:21.2.0] AndroidManifest.xml:24:13-93
179            android:excludeFromRecents="true"
179-->[com.google.android.gms:play-services-auth:21.2.0] AndroidManifest.xml:25:13-46
180            android:exported="false"
180-->[com.google.android.gms:play-services-auth:21.2.0] AndroidManifest.xml:26:13-37
181            android:theme="@android:style/Theme.Translucent.NoTitleBar" />
181-->[com.google.android.gms:play-services-auth:21.2.0] AndroidManifest.xml:27:13-72
182        <!--
183            Service handling Google Sign-In user revocation. For apps that do not integrate with
184            Google Sign-In, this service will never be started.
185        -->
186        <service
186-->[com.google.android.gms:play-services-auth:21.2.0] AndroidManifest.xml:33:9-37:51
187            android:name="com.google.android.gms.auth.api.signin.RevocationBoundService"
187-->[com.google.android.gms:play-services-auth:21.2.0] AndroidManifest.xml:34:13-89
188            android:exported="true"
188-->[com.google.android.gms:play-services-auth:21.2.0] AndroidManifest.xml:35:13-36
189            android:permission="com.google.android.gms.auth.api.signin.permission.REVOCATION_NOTIFICATION"
189-->[com.google.android.gms:play-services-auth:21.2.0] AndroidManifest.xml:36:13-107
190            android:visibleToInstantApps="true" /> <!-- Needs to be explicitly declared on P+ -->
190-->[com.google.android.gms:play-services-auth:21.2.0] AndroidManifest.xml:37:13-48
191        <uses-library
191-->[com.google.android.gms:play-services-maps:17.0.0] AndroidManifest.xml:33:9-35:40
192            android:name="org.apache.http.legacy"
192-->[com.google.android.gms:play-services-maps:17.0.0] AndroidManifest.xml:34:13-50
193            android:required="false" />
193-->[com.google.android.gms:play-services-maps:17.0.0] AndroidManifest.xml:35:13-37
194
195        <activity
195-->[com.google.android.gms:play-services-base:18.3.0] AndroidManifest.xml:20:9-22:45
196            android:name="com.google.android.gms.common.api.GoogleApiActivity"
196-->[com.google.android.gms:play-services-base:18.3.0] AndroidManifest.xml:20:19-85
197            android:exported="false"
197-->[com.google.android.gms:play-services-base:18.3.0] AndroidManifest.xml:22:19-43
198            android:theme="@android:style/Theme.Translucent.NoTitleBar" />
198-->[com.google.android.gms:play-services-base:18.3.0] AndroidManifest.xml:21:19-78
199
200        <provider
200-->[com.google.firebase:firebase-common:20.4.2] AndroidManifest.xml:23:9-28:39
201            android:name="com.google.firebase.provider.FirebaseInitProvider"
201-->[com.google.firebase:firebase-common:20.4.2] AndroidManifest.xml:24:13-77
202            android:authorities="com.droid.netfilxclone.firebaseinitprovider"
202-->[com.google.firebase:firebase-common:20.4.2] AndroidManifest.xml:25:13-72
203            android:directBootAware="true"
203-->[com.google.firebase:firebase-common:20.4.2] AndroidManifest.xml:26:13-43
204            android:exported="false"
204-->[com.google.firebase:firebase-common:20.4.2] AndroidManifest.xml:27:13-37
205            android:initOrder="100" />
205-->[com.google.firebase:firebase-common:20.4.2] AndroidManifest.xml:28:13-36
206
207        <activity
207-->[androidx.compose.ui:ui-tooling-android:1.7.0-alpha01] AndroidManifest.xml:23:9-25:39
208            android:name="androidx.compose.ui.tooling.PreviewActivity"
208-->[androidx.compose.ui:ui-tooling-android:1.7.0-alpha01] AndroidManifest.xml:24:13-71
209            android:exported="true" />
209-->[androidx.compose.ui:ui-tooling-android:1.7.0-alpha01] AndroidManifest.xml:25:13-36
210        <activity
210-->[androidx.compose.ui:ui-test-manifest:1.7.0-alpha01] AndroidManifest.xml:23:9-25:39
211            android:name="androidx.activity.ComponentActivity"
211-->[androidx.compose.ui:ui-test-manifest:1.7.0-alpha01] AndroidManifest.xml:24:13-63
212            android:exported="true" />
212-->[androidx.compose.ui:ui-test-manifest:1.7.0-alpha01] AndroidManifest.xml:25:13-36
213
214        <provider
214-->[androidx.emoji2:emoji2:1.3.0] AndroidManifest.xml:24:9-32:20
215            android:name="androidx.startup.InitializationProvider"
215-->[androidx.emoji2:emoji2:1.3.0] AndroidManifest.xml:25:13-67
216            android:authorities="com.droid.netfilxclone.androidx-startup"
216-->[androidx.emoji2:emoji2:1.3.0] AndroidManifest.xml:26:13-68
217            android:exported="false" >
217-->[androidx.emoji2:emoji2:1.3.0] AndroidManifest.xml:27:13-37
218            <meta-data
218-->[androidx.emoji2:emoji2:1.3.0] AndroidManifest.xml:29:13-31:52
219                android:name="androidx.emoji2.text.EmojiCompatInitializer"
219-->[androidx.emoji2:emoji2:1.3.0] AndroidManifest.xml:30:17-75
220                android:value="androidx.startup" />
220-->[androidx.emoji2:emoji2:1.3.0] AndroidManifest.xml:31:17-49
221            <meta-data
221-->[androidx.lifecycle:lifecycle-process:2.7.0] AndroidManifest.xml:29:13-31:52
222                android:name="androidx.lifecycle.ProcessLifecycleInitializer"
222-->[androidx.lifecycle:lifecycle-process:2.7.0] AndroidManifest.xml:30:17-78
223                android:value="androidx.startup" />
223-->[androidx.lifecycle:lifecycle-process:2.7.0] AndroidManifest.xml:31:17-49
224            <meta-data
224-->[androidx.profileinstaller:profileinstaller:1.3.1] AndroidManifest.xml:29:13-31:52
225                android:name="androidx.profileinstaller.ProfileInstallerInitializer"
225-->[androidx.profileinstaller:profileinstaller:1.3.1] AndroidManifest.xml:30:17-85
226                android:value="androidx.startup" />
226-->[androidx.profileinstaller:profileinstaller:1.3.1] AndroidManifest.xml:31:17-49
227        </provider>
228
229        <meta-data
229-->[com.google.android.gms:play-services-basement:18.3.0] AndroidManifest.xml:21:9-23:69
230            android:name="com.google.android.gms.version"
230-->[com.google.android.gms:play-services-basement:18.3.0] AndroidManifest.xml:22:13-58
231            android:value="@integer/google_play_services_version" />
231-->[com.google.android.gms:play-services-basement:18.3.0] AndroidManifest.xml:23:13-66
232
233        <receiver
233-->[androidx.profileinstaller:profileinstaller:1.3.1] AndroidManifest.xml:34:9-52:20
234            android:name="androidx.profileinstaller.ProfileInstallReceiver"
234-->[androidx.profileinstaller:profileinstaller:1.3.1] AndroidManifest.xml:35:13-76
235            android:directBootAware="false"
235-->[androidx.profileinstaller:profileinstaller:1.3.1] AndroidManifest.xml:36:13-44
236            android:enabled="true"
236-->[androidx.profileinstaller:profileinstaller:1.3.1] AndroidManifest.xml:37:13-35
237            android:exported="true"
237-->[androidx.profileinstaller:profileinstaller:1.3.1] AndroidManifest.xml:38:13-36
238            android:permission="android.permission.DUMP" >
238-->[androidx.profileinstaller:profileinstaller:1.3.1] AndroidManifest.xml:39:13-57
239            <intent-filter>
239-->[androidx.profileinstaller:profileinstaller:1.3.1] AndroidManifest.xml:40:13-42:29
240                <action android:name="androidx.profileinstaller.action.INSTALL_PROFILE" />
240-->[androidx.profileinstaller:profileinstaller:1.3.1] AndroidManifest.xml:41:17-91
240-->[androidx.profileinstaller:profileinstaller:1.3.1] AndroidManifest.xml:41:25-88
241            </intent-filter>
242            <intent-filter>
242-->[androidx.profileinstaller:profileinstaller:1.3.1] AndroidManifest.xml:43:13-45:29
243                <action android:name="androidx.profileinstaller.action.SKIP_FILE" />
243-->[androidx.profileinstaller:profileinstaller:1.3.1] AndroidManifest.xml:44:17-85
243-->[androidx.profileinstaller:profileinstaller:1.3.1] AndroidManifest.xml:44:25-82
244            </intent-filter>
245            <intent-filter>
245-->[androidx.profileinstaller:profileinstaller:1.3.1] AndroidManifest.xml:46:13-48:29
246                <action android:name="androidx.profileinstaller.action.SAVE_PROFILE" />
246-->[androidx.profileinstaller:profileinstaller:1.3.1] AndroidManifest.xml:47:17-88
246-->[androidx.profileinstaller:profileinstaller:1.3.1] AndroidManifest.xml:47:25-85
247            </intent-filter>
248            <intent-filter>
248-->[androidx.profileinstaller:profileinstaller:1.3.1] AndroidManifest.xml:49:13-51:29
249                <action android:name="androidx.profileinstaller.action.BENCHMARK_OPERATION" />
249-->[androidx.profileinstaller:profileinstaller:1.3.1] AndroidManifest.xml:50:17-95
249-->[androidx.profileinstaller:profileinstaller:1.3.1] AndroidManifest.xml:50:25-92
250            </intent-filter>
251        </receiver>
252
253        <service
253-->[com.google.android.datatransport:transport-backend-cct:3.1.8] AndroidManifest.xml:28:9-34:19
254            android:name="com.google.android.datatransport.runtime.backends.TransportBackendDiscovery"
254-->[com.google.android.datatransport:transport-backend-cct:3.1.8] AndroidManifest.xml:29:13-103
255            android:exported="false" >
255-->[com.google.android.datatransport:transport-backend-cct:3.1.8] AndroidManifest.xml:30:13-37
256            <meta-data
256-->[com.google.android.datatransport:transport-backend-cct:3.1.8] AndroidManifest.xml:31:13-33:39
257                android:name="backend:com.google.android.datatransport.cct.CctBackendFactory"
257-->[com.google.android.datatransport:transport-backend-cct:3.1.8] AndroidManifest.xml:32:17-94
258                android:value="cct" />
258-->[com.google.android.datatransport:transport-backend-cct:3.1.8] AndroidManifest.xml:33:17-36
259        </service>
260        <service
260-->[com.google.android.datatransport:transport-runtime:3.1.8] AndroidManifest.xml:26:9-30:19
261            android:name="com.google.android.datatransport.runtime.scheduling.jobscheduling.JobInfoSchedulerService"
261-->[com.google.android.datatransport:transport-runtime:3.1.8] AndroidManifest.xml:27:13-117
262            android:exported="false"
262-->[com.google.android.datatransport:transport-runtime:3.1.8] AndroidManifest.xml:28:13-37
263            android:permission="android.permission.BIND_JOB_SERVICE" >
263-->[com.google.android.datatransport:transport-runtime:3.1.8] AndroidManifest.xml:29:13-69
264        </service>
265
266        <receiver
266-->[com.google.android.datatransport:transport-runtime:3.1.8] AndroidManifest.xml:32:9-34:40
267            android:name="com.google.android.datatransport.runtime.scheduling.jobscheduling.AlarmManagerSchedulerBroadcastReceiver"
267-->[com.google.android.datatransport:transport-runtime:3.1.8] AndroidManifest.xml:33:13-132
268            android:exported="false" />
268-->[com.google.android.datatransport:transport-runtime:3.1.8] AndroidManifest.xml:34:13-37
269    </application>
270
271</manifest>